<?xml version="1.0" encoding="UTF-8"?>
<!-- Generated by org.testng.reporters.JUnitReportReporter -->
<testsuite hostname="DESKTOP-KC70OC4" failures="0" tests="4" name="smoke_Suite.ALC_4361" time="163.494" errors="0" timestamp="2023-10-09T12:46:58 IST" skipped="0">
  <testcase classname="smoke_Suite.ALC_4361" name="createdata" time="14.293"/>
  <testcase classname="smoke_Suite.ALC_4361" name="addDonations" time="55.449"/>
  <testcase classname="smoke_Suite.ALC_4361" name="doTransactions" time="72.508"/>
  <testcase classname="smoke_Suite.ALC_4361" name="verifyNoBonusForDonations" time="21.244"/>
</testsuite> <!-- smoke_Suite.ALC_4361 -->
