<?xml version="1.0" encoding="UTF-8"?>
<!-- Generated by org.testng.reporters.JUnitReportReporter -->
<testsuite hostname="DESKTOP-KC70OC4" failures="0" tests="1" name="smoke_Suite.ALC_4362" time="394.456" errors="0" timestamp="2023-10-07T21:58:34 IST" skipped="0">
  <testcase classname="smoke_Suite.ALC_4362" name="Approve_transactions_In_Bonus_Sell_Buy_Verify_In_BranchExchangeHistory" time="394.456"/>
</testsuite> <!-- smoke_Suite.ALC_4362 -->
