<?xml version="1.0" encoding="UTF-8"?>
<!-- Generated by org.testng.reporters.JUnitReportReporter -->
<testsuite hostname="DESKTOP-KC70OC4" failures="0" tests="5" name="smoke_Suite.ALC_4351" time="365.275" errors="0" timestamp="2023-08-30T13:17:05 IST" skipped="0">
  <testcase classname="smoke_Suite.ALC_4351" name="openRegisterdBranchInApp" time="22.615"/>
  <testcase classname="smoke_Suite.ALC_4351" name="branchVerifyAndEdit" time="101.887"/>
  <testcase classname="smoke_Suite.ALC_4351" name="verifyEditInApp" time="42.004"/>
  <testcase classname="smoke_Suite.ALC_4351" name="suspendBranch" time="159.381"/>
  <testcase classname="smoke_Suite.ALC_4351" name="verifySuspendedAccount" time="39.388"/>
</testsuite> <!-- smoke_Suite.ALC_4351 -->
