<?xml version="1.0" encoding="UTF-8"?>
<!-- Generated by org.testng.reporters.JUnitReportReporter -->
<testsuite hostname="DESKTOP-KC70OC4" failures="0" tests="5" name="smoke_Suite.ALC_4351" time="471.003" errors="0" timestamp="2023-10-07T21:58:34 IST" skipped="0">
  <testcase classname="smoke_Suite.ALC_4351" name="openRegisterdBranchInApp" time="20.790"/>
  <testcase classname="smoke_Suite.ALC_4351" name="branchVerifyAndEdit" time="159.755"/>
  <testcase classname="smoke_Suite.ALC_4351" name="verifyEditInApp" time="40.931"/>
  <testcase classname="smoke_Suite.ALC_4351" name="suspendBranch" time="211.305"/>
  <testcase classname="smoke_Suite.ALC_4351" name="verifySuspendedAccount" time="38.222"/>
</testsuite> <!-- smoke_Suite.ALC_4351 -->
