<?xml version="1.0" encoding="UTF-8"?>
<!-- Generated by org.testng.reporters.JUnitReportReporter -->
<testsuite hostname="DESKTOP-KC70OC4" failures="0" tests="9" name="smoke_Suite.ALC_4350" time="485.963" errors="0" timestamp="2023-08-30T13:17:05 IST" skipped="0">
  <testcase classname="smoke_Suite.ALC_4350" name="signUp" time="150.635"/>
  <testcase classname="smoke_Suite.ALC_4350" name="loginAlchmey" time="9.001"/>
  <testcase classname="smoke_Suite.ALC_4350" name="VerifyMemberAlchmey" time="87.303"/>
  <testcase classname="smoke_Suite.ALC_4350" name="createBranchAndMember" time="101.680"/>
  <testcase classname="smoke_Suite.ALC_4350" name="EditMemberDetails" time="35.396"/>
  <testcase classname="smoke_Suite.ALC_4350" name="loginBranchMemberPB" time="21.469"/>
  <testcase classname="smoke_Suite.ALC_4350" name="suspendMemberALC" time="32.081"/>
  <testcase classname="smoke_Suite.ALC_4350" name="memberSuspendVerify" time="18.143"/>
  <testcase classname="smoke_Suite.ALC_4350" name="branchSuspendMemberVerification" time="30.255"/>
</testsuite> <!-- smoke_Suite.ALC_4350 -->
