<?xml version="1.0" encoding="UTF-8"?>
<!-- Generated by org.testng.reporters.JUnitReportReporter -->
<testsuite hostname="DESKTOP-KC70OC4" failures="0" tests="1" name="smoke_Suite.ALC_1711" time="47.211" errors="0" timestamp="2023-09-15T18:12:14 IST" skipped="0">
  <testcase classname="smoke_Suite.ALC_1711" name="run1711" time="47.211"/>
</testsuite> <!-- smoke_Suite.ALC_1711 -->
