<?xml version="1.0" encoding="UTF-8"?>
<!-- Generated by org.testng.reporters.JUnitReportReporter -->
<testsuite hostname="DESKTOP-KC70OC4" failures="0" tests="13" name="smoke_Suite.ALC_4357" time="142.934" errors="0" timestamp="2023-08-28T13:23:09 IST" skipped="12">
  <testcase classname="smoke_Suite.ALC_4357" name="VerifyBonusOrderBranchValueAssertions" time="142.934"/>
  <testcase classname="smoke_Suite.ALC_4357" name="Branch3_Processor_Transaction">
    <skipped/>
  </testcase> <!-- Branch3_Processor_Transaction -->
  <testcase classname="smoke_Suite.ALC_4357" name="Verify_Bonus_Branch3">
    <skipped/>
  </testcase> <!-- Verify_Bonus_Branch3 -->
  <testcase classname="smoke_Suite.ALC_4357" name="Verify_Bonus_Branch2">
    <skipped/>
  </testcase> <!-- Verify_Bonus_Branch2 -->
  <testcase classname="smoke_Suite.ALC_4357" name="member_Branch1_Transaction_KG_Bonus_App_Assertion">
    <skipped/>
  </testcase> <!-- member_Branch1_Transaction_KG_Bonus_App_Assertion -->
  <testcase classname="smoke_Suite.ALC_4357" name="Verify_Bonus_Branch1">
    <skipped/>
  </testcase> <!-- Verify_Bonus_Branch1 -->
  <testcase classname="smoke_Suite.ALC_4357" name="Plastic_Chain_Before_Approval">
    <skipped/>
  </testcase> <!-- Plastic_Chain_Before_Approval -->
  <testcase classname="smoke_Suite.ALC_4357" name="Branch1_Branch2_Transaction_App_Assertions">
    <skipped/>
  </testcase> <!-- Branch1_Branch2_Transaction_App_Assertions -->
  <testcase classname="smoke_Suite.ALC_4357" name="Branch2_Processor_Transaction">
    <skipped/>
  </testcase> <!-- Branch2_Processor_Transaction -->
  <testcase classname="smoke_Suite.ALC_4357" name="Verify_Bonus_Processor">
    <skipped/>
  </testcase> <!-- Verify_Bonus_Processor -->
  <testcase classname="smoke_Suite.ALC_4357" name="Plastic_Chain_After_Approval">
    <skipped/>
  </testcase> <!-- Plastic_Chain_After_Approval -->
  <testcase classname="smoke_Suite.ALC_4357" name="member_Branch1_Transaction_KG_Bonus_Alchmey_Assertion">
    <skipped/>
  </testcase> <!-- member_Branch1_Transaction_KG_Bonus_Alchmey_Assertion -->
  <testcase classname="smoke_Suite.ALC_4357" name="Branch1_Branch3_Transaction">
    <skipped/>
  </testcase> <!-- Branch1_Branch3_Transaction -->
</testsuite> <!-- smoke_Suite.ALC_4357 -->
