<?xml version="1.0" encoding="UTF-8"?>
<!-- Generated by org.testng.reporters.JUnitReportReporter -->
<testsuite hostname="DESKTOP-KC70OC4" failures="0" tests="1" name="smoke_Suite.ALC_4357" time="215.388" errors="0" timestamp="2023-08-30T15:29:52 IST" skipped="0">
  <testcase classname="smoke_Suite.ALC_4357" name="VerifyBonusOrderRecieptBranchAssertions" time="215.388"/>
</testsuite> <!-- smoke_Suite.ALC_4357 -->
