<?xml version="1.0" encoding="UTF-8"?>
<!-- Generated by org.testng.reporters.JUnitReportReporter -->
<testsuite hostname="DESKTOP-KC70OC4" failures="0" tests="1" name="smoke_Suite.ALC_4363" time="401.198" errors="0" timestamp="2023-09-05T18:24:03 IST" skipped="0">
  <testcase classname="smoke_Suite.ALC_4363" name="Approve_transactions_branch_exchange_history_Verify_In_BonusApproval" time="401.198"/>
</testsuite> <!-- smoke_Suite.ALC_4363 -->
