<?xml version="1.0" encoding="UTF-8"?>
<!-- Generated by org.testng.reporters.JUnitReportReporter -->
<testsuite hostname="DESKTOP-KC70OC4" failures="0" tests="3" name="smoke_Suite.ALC_4351" time="176.764" errors="0" timestamp="2023-07-24T16:22:28 IST" skipped="0">
  <testcase classname="smoke_Suite.ALC_4351" name="signUp" time="150.708"/>
  <system-out/>
  <testcase classname="smoke_Suite.ALC_4351" name="loginAlchmey" time="5.592"/>
  <system-out/>
  <testcase classname="smoke_Suite.ALC_4351" name="branchVerify" time="20.464"/>
  <system-out/>
</testsuite> <!-- smoke_Suite.ALC_4351 -->
