<?xml version="1.0" encoding="UTF-8"?>
<!-- Generated by org.testng.reporters.JUnitReportReporter -->
<testsuite hostname="DESKTOP-KC70OC4" failures="0" tests="5" name="smoke_Suite.ALC_380" time="382.526" errors="0" timestamp="2023-09-13T15:12:00 IST" skipped="0">
  <testcase classname="smoke_Suite.ALC_380" name="create_Store" time="71.938"/>
  <testcase classname="smoke_Suite.ALC_380" name="editDetailsInAlchmey" time="91.565"/>
  <testcase classname="smoke_Suite.ALC_380" name="cashOutTest" time="59.417"/>
  <testcase classname="smoke_Suite.ALC_380" name="verifyInApp" time="6.601"/>
  <testcase classname="smoke_Suite.ALC_380" name="verifyInAlchemy" time="153.005"/>
</testsuite> <!-- smoke_Suite.ALC_380 -->
