<?xml version="1.0" encoding="UTF-8"?>
<!-- Generated by org.testng.reporters.JUnitReportReporter -->
<testsuite hostname="DESKTOP-KC70OC4" failures="0" tests="3" name="smoke_Suite.ALC_4354" time="244.355" errors="0" timestamp="2023-08-30T13:17:05 IST" skipped="0">
  <testcase classname="smoke_Suite.ALC_4354" name="createProcessor" time="71.305"/>
  <testcase classname="smoke_Suite.ALC_4354" name="seacrchAndEditProcessorInAlchmey" time="142.705"/>
  <testcase classname="smoke_Suite.ALC_4354" name="VerifyInApp" time="30.345"/>
</testsuite> <!-- smoke_Suite.ALC_4354 -->
