<?xml version="1.0" encoding="UTF-8"?>
<!-- Generated by org.testng.reporters.JUnitReportReporter -->
<testsuite hostname="DESKTOP-KC70OC4" failures="0" tests="9" name="smoke_Suite.ALC_4350" time="369.792" errors="1" timestamp="2023-07-28T14:17:34 IST" skipped="0">
  <testcase classname="smoke_Suite.ALC_4350" name="signUp" time="142.206"/>
  <system-out/>
  <testcase classname="smoke_Suite.ALC_4350" name="loginAlchmey" time="9.066"/>
  <system-out/>
  <testcase classname="smoke_Suite.ALC_4350" name="VerifyMemberAlchmey" time="26.288">
    <error message="Cannot invoke &quot;java.lang.CharSequence.toString()&quot; because &quot;s&quot; is null" type="java.lang.NullPointerException">
      <![CDATA[java.lang.NullPointerException: Cannot invoke "java.lang.CharSequence.toString()" because "s" is null
at java.base/java.lang.String.contains(String.java:2854)
at alchemy_Pages.Members.selectAndverifyMember(Members.java:168)
at smoke_Suite.ALC_4350.VerifyMemberAlchmey(ALC_4350.java:52)
at java.base/jdk.internal.reflect.NativeMethodAccessorImpl.invoke0(Native Method)
at java.base/jdk.internal.reflect.NativeMethodAccessorImpl.invoke(NativeMethodAccessorImpl.java:77)
at java.base/jdk.internal.reflect.DelegatingMethodAccessorImpl.invoke(DelegatingMethodAccessorImpl.java:43)
at java.base/java.lang.reflect.Method.invoke(Method.java:568)
at org.testng.internal.MethodInvocationHelper.invokeMethod(MethodInvocationHelper.java:133)
at org.testng.internal.TestInvoker.invokeMethod(TestInvoker.java:598)
at org.testng.internal.TestInvoker.invokeTestMethod(TestInvoker.java:173)
at org.testng.internal.MethodRunner.runInSequence(MethodRunner.java:46)
at org.testng.internal.TestInvoker$MethodInvocationAgent.invoke(TestInvoker.java:824)
at org.testng.internal.TestInvoker.invokeTestMethods(TestInvoker.java:146)
at org.testng.internal.TestMethodWorker.invokeTestMethods(TestMethodWorker.java:146)
at org.testng.internal.TestMethodWorker.run(TestMethodWorker.java:128)
at java.base/java.util.ArrayList.forEach(ArrayList.java:1511)
at org.testng.TestRunner.privateRun(TestRunner.java:794)
at org.testng.TestRunner.run(TestRunner.java:596)
at org.testng.SuiteRunner.runTest(SuiteRunner.java:377)
at org.testng.SuiteRunner.runSequentially(SuiteRunner.java:371)
at org.testng.SuiteRunner.privateRun(SuiteRunner.java:332)
at org.testng.SuiteRunner.run(SuiteRunner.java:276)
at org.testng.SuiteRunnerWorker.runSuite(SuiteRunnerWorker.java:53)
at org.testng.SuiteRunnerWorker.run(SuiteRunnerWorker.java:96)
at org.testng.TestNG.runSuitesSequentially(TestNG.java:1212)
at org.testng.TestNG.runSuitesLocally(TestNG.java:1134)
at org.testng.TestNG.runSuites(TestNG.java:1063)
at org.testng.TestNG.run(TestNG.java:1031)
at org.testng.remote.AbstractRemoteTestNG.run(AbstractRemoteTestNG.java:115)
at org.testng.remote.RemoteTestNG.initAndRun(RemoteTestNG.java:251)
at org.testng.remote.RemoteTestNG.main(RemoteTestNG.java:77)
]]>
    </error>
  </testcase> <!-- VerifyMemberAlchmey -->
  <system-out/>
  <testcase classname="smoke_Suite.ALC_4350" name="createBranchAndMember" time="98.985"/>
  <system-out/>
  <testcase classname="smoke_Suite.ALC_4350" name="EditMemberDetails" time="31.263"/>
  <system-out/>
  <testcase classname="smoke_Suite.ALC_4350" name="loginBranchMemberPB" time="9.995"/>
  <system-out/>
  <testcase classname="smoke_Suite.ALC_4350" name="suspendMemberALC" time="29.910"/>
  <system-out/>
  <testcase classname="smoke_Suite.ALC_4350" name="memberSuspendVerify" time="5.043"/>
  <system-out/>
  <testcase classname="smoke_Suite.ALC_4350" name="branchSuspendMemberVerification" time="17.036"/>
  <system-out/>
</testsuite> <!-- smoke_Suite.ALC_4350 -->
