<?xml version="1.0" encoding="UTF-8"?>
<!-- Generated by org.testng.reporters.JUnitReportReporter -->
<testsuite hostname="DESKTOP-KC70OC4" failures="0" tests="1" name="smoke_Suite.ALC_4362" time="391.189" errors="0" timestamp="2023-09-05T18:00:01 IST" skipped="0">
  <testcase classname="smoke_Suite.ALC_4362" name="Approve_transactions_In_Bonus_Sell_Buy_Verify_In_BranchExchangeHistory" time="391.189"/>
</testsuite> <!-- smoke_Suite.ALC_4362 -->
