<?xml version="1.0" encoding="UTF-8"?>
<!-- Generated by org.testng.reporters.JUnitReportReporter -->
<testsuite hostname="DESKTOP-KC70OC4" failures="0" tests="3" name="smoke_Suite.ALC_4352" time="161.675" errors="0" timestamp="2023-08-30T13:17:06 IST" skipped="0">
  <testcase classname="smoke_Suite.ALC_4352" name="createNewStore" time="114.824"/>
  <testcase classname="smoke_Suite.ALC_4352" name="loginAlchmey" time="6.497"/>
  <testcase classname="smoke_Suite.ALC_4352" name="verifyNewStore" time="40.354"/>
</testsuite> <!-- smoke_Suite.ALC_4352 -->
