<?xml version="1.0" encoding="UTF-8"?>
<!-- Generated by org.testng.reporters.JUnitReportReporter -->
<testsuite hostname="DESKTOP-KC70OC4" failures="0" tests="3" name="smoke_Suite.ALC_4354" time="239.815" errors="0" timestamp="2023-10-07T21:58:34 IST" skipped="0">
  <testcase classname="smoke_Suite.ALC_4354" name="createProcessor" time="66.804"/>
  <testcase classname="smoke_Suite.ALC_4354" name="seacrchAndEditProcessorInAlchmey" time="142.341"/>
  <testcase classname="smoke_Suite.ALC_4354" name="VerifyInApp" time="30.670"/>
</testsuite> <!-- smoke_Suite.ALC_4354 -->
