<?xml version="1.0" encoding="UTF-8"?>
<!-- Generated by org.testng.reporters.JUnitReportReporter -->
<testsuite hostname="DESKTOP-KC70OC4" failures="0" tests="10" name="smoke_Suite.ALC_4350" time="0.409" errors="1" timestamp="2023-08-21T17:58:20 IST" skipped="9">
  <testcase classname="smoke_Suite.ALC_4350" name="setup" time="0.409">
    <error message="&#039;java.lang.String org.openqa.selenium.remote.service.DriverFinder.getPath(org.openqa.selenium.remote.service.DriverService, org.openqa.selenium.Capabilities)&#039;" type="java.lang.NoSuchMethodError">
      <![CDATA[java.lang.NoSuchMethodError: 'java.lang.String org.openqa.selenium.remote.service.DriverFinder.getPath(org.openqa.selenium.remote.service.DriverService, org.openqa.selenium.Capabilities)'
at org.openqa.selenium.chrome.ChromeDriver.generateExecutor(ChromeDriver.java:98)
at org.openqa.selenium.chrome.ChromeDriver.<init>(ChromeDriver.java:87)
at org.openqa.selenium.chrome.ChromeDriver.<init>(ChromeDriver.java:82)
at org.openqa.selenium.chrome.ChromeDriver.<init>(ChromeDriver.java:50)
at Utilities.BaseClass.setup(BaseClass.java:124)
at java.base/jdk.internal.reflect.NativeMethodAccessorImpl.invoke0(Native Method)
at java.base/jdk.internal.reflect.NativeMethodAccessorImpl.invoke(NativeMethodAccessorImpl.java:77)
at java.base/jdk.internal.reflect.DelegatingMethodAccessorImpl.invoke(DelegatingMethodAccessorImpl.java:43)
at java.base/java.lang.reflect.Method.invoke(Method.java:568)
at org.testng.internal.invokers.MethodInvocationHelper.invokeMethod(MethodInvocationHelper.java:139)
at org.testng.internal.invokers.MethodInvocationHelper.invokeMethodConsideringTimeout(MethodInvocationHelper.java:69)
at org.testng.internal.invokers.ConfigInvoker.invokeConfigurationMethod(ConfigInvoker.java:390)
at org.testng.internal.invokers.ConfigInvoker.invokeConfigurations(ConfigInvoker.java:325)
at org.testng.internal.invokers.TestMethodWorker.invokeBeforeClassMethods(TestMethodWorker.java:180)
at org.testng.internal.invokers.TestMethodWorker.run(TestMethodWorker.java:122)
at java.base/java.util.ArrayList.forEach(ArrayList.java:1511)
at org.testng.TestRunner.privateRun(TestRunner.java:848)
at org.testng.TestRunner.run(TestRunner.java:621)
at org.testng.SuiteRunner.runTest(SuiteRunner.java:443)
at org.testng.SuiteRunner.runSequentially(SuiteRunner.java:437)
at org.testng.SuiteRunner.privateRun(SuiteRunner.java:397)
at org.testng.SuiteRunner.run(SuiteRunner.java:336)
at org.testng.SuiteRunnerWorker.runSuite(SuiteRunnerWorker.java:52)
at org.testng.SuiteRunnerWorker.run(SuiteRunnerWorker.java:95)
at org.testng.TestNG.runSuitesSequentially(TestNG.java:1280)
at org.testng.TestNG.runSuitesLocally(TestNG.java:1200)
at org.testng.TestNG.runSuites(TestNG.java:1114)
at org.testng.TestNG.run(TestNG.java:1082)
at org.testng.remote.AbstractRemoteTestNG.run(AbstractRemoteTestNG.java:115)
at org.testng.remote.RemoteTestNG.initAndRun(RemoteTestNG.java:251)
at org.testng.remote.RemoteTestNG.main(RemoteTestNG.java:77)
]]>
    </error>
  </testcase> <!-- setup -->
  <testcase classname="smoke_Suite.ALC_4350" name="signUp" time="0.000">
    <skipped/>
  </testcase> <!-- signUp -->
  <testcase classname="smoke_Suite.ALC_4350" name="loginAlchmey" time="0.000">
    <skipped/>
  </testcase> <!-- loginAlchmey -->
  <testcase classname="smoke_Suite.ALC_4350" name="VerifyMemberAlchmey" time="0.000">
    <skipped/>
  </testcase> <!-- VerifyMemberAlchmey -->
  <testcase classname="smoke_Suite.ALC_4350" name="createBranchAndMember" time="0.000">
    <skipped/>
  </testcase> <!-- createBranchAndMember -->
  <testcase classname="smoke_Suite.ALC_4350" name="EditMemberDetails" time="0.000">
    <skipped/>
  </testcase> <!-- EditMemberDetails -->
  <testcase classname="smoke_Suite.ALC_4350" name="loginBranchMemberPB" time="0.000">
    <skipped/>
  </testcase> <!-- loginBranchMemberPB -->
  <testcase classname="smoke_Suite.ALC_4350" name="suspendMemberALC" time="0.000">
    <skipped/>
  </testcase> <!-- suspendMemberALC -->
  <testcase classname="smoke_Suite.ALC_4350" name="memberSuspendVerify" time="0.000">
    <skipped/>
  </testcase> <!-- memberSuspendVerify -->
  <testcase classname="smoke_Suite.ALC_4350" name="branchSuspendMemberVerification" time="0.000">
    <skipped/>
  </testcase> <!-- branchSuspendMemberVerification -->
</testsuite> <!-- smoke_Suite.ALC_4350 -->
