<?xml version="1.0" encoding="UTF-8"?>
<!-- Generated by org.testng.reporters.JUnitReportReporter -->
<testsuite hostname="DESKTOP-KC70OC4" failures="0" tests="3" name="smoke_Suite.ALC_4352" time="101.154" errors="0" timestamp="2023-07-28T14:17:34 IST" skipped="0">
  <testcase classname="smoke_Suite.ALC_4352" name="createNewStore" time="68.264"/>
  <system-out/>
  <testcase classname="smoke_Suite.ALC_4352" name="loginAlchmey" time="5.980"/>
  <system-out/>
  <testcase classname="smoke_Suite.ALC_4352" name="verifyNewStore" time="26.910"/>
  <system-out/>
</testsuite> <!-- smoke_Suite.ALC_4352 -->
