<?xml version="1.0" encoding="UTF-8"?>
<!-- Generated by org.testng.reporters.JUnitReportReporter -->
<testsuite hostname="DESKTOP-KC70OC4" failures="0" tests="2" name="smoke_Suite.ALC_4365" time="515.806" errors="0" timestamp="2023-08-30T13:17:05 IST" skipped="0">
  <testcase classname="smoke_Suite.ALC_4365" name="createNewBonusAndSuspendedBonus" time="447.419"/>
  <testcase classname="smoke_Suite.ALC_4365" name="verifyTransactionStoppedBonus" time="68.387"/>
</testsuite> <!-- smoke_Suite.ALC_4365 -->
