<?xml version="1.0" encoding="UTF-8"?>
<!-- Generated by org.testng.reporters.JUnitReportReporter -->
<testsuite hostname="DESKTOP-KC70OC4" failures="0" tests="3" name="smoke_Suite.ALC_4352" time="98.038" errors="0" timestamp="2023-07-27T17:57:16 IST" skipped="0">
  <testcase classname="smoke_Suite.ALC_4352" name="createNewStore" time="63.696"/>
  <system-out/>
  <testcase classname="smoke_Suite.ALC_4352" name="loginAlchmey" time="5.975"/>
  <system-out/>
  <testcase classname="smoke_Suite.ALC_4352" name="verifyNewStore" time="28.367"/>
  <system-out/>
</testsuite> <!-- smoke_Suite.ALC_4352 -->
