<?xml version="1.0" encoding="UTF-8"?>
<!-- Generated by org.testng.reporters.JUnitReportReporter -->
<testsuite hostname="DESKTOP-KC70OC4" failures="0" tests="2" name="smoke_Suite.ALC_4352" time="182.886" errors="0" timestamp="2023-10-07T21:58:34 IST" skipped="0">
  <testcase classname="smoke_Suite.ALC_4352" name="createNewStore" time="90.910"/>
  <testcase classname="smoke_Suite.ALC_4352" name="verifyNewStore" time="91.976"/>
</testsuite> <!-- smoke_Suite.ALC_4352 -->
