<?xml version="1.0" encoding="UTF-8"?>
<!-- Generated by org.testng.reporters.JUnitReportReporter -->
<testsuite hostname="DESKTOP-KC70OC4" failures="0" tests="16" name="smoke_Suite.ALC_4357" time="2060.565" errors="0" timestamp="2023-08-29T15:07:08 IST" skipped="0">
  <testcase classname="smoke_Suite.ALC_4357" name="member_Branch1_Transaction_KG_Bonus_App_Assertion" time="74.283"/>
  <testcase classname="smoke_Suite.ALC_4357" name="member_Branch1_Transaction_KG_Bonus_Alchmey_Assertion" time="380.908"/>
  <testcase classname="smoke_Suite.ALC_4357" name="Branch1_Branch2_Transaction_App_Assertions" time="67.795"/>
  <testcase classname="smoke_Suite.ALC_4357" name="Branch1_Branch3_Transaction" time="68.244"/>
  <testcase classname="smoke_Suite.ALC_4357" name="Branch2_Processor_Transaction" time="76.875"/>
  <testcase classname="smoke_Suite.ALC_4357" name="Branch3_Processor_Transaction" time="75.623"/>
  <testcase classname="smoke_Suite.ALC_4357" name="Verify_Bonus_Branch1" time="148.333"/>
  <testcase classname="smoke_Suite.ALC_4357" name="Verify_Bonus_Branch2" time="122.394"/>
  <testcase classname="smoke_Suite.ALC_4357" name="Verify_Bonus_Branch3" time="120.440"/>
  <testcase classname="smoke_Suite.ALC_4357" name="Verify_Bonus_Processor" time="96.197"/>
  <testcase classname="smoke_Suite.ALC_4357" name="Plastic_Chain_Before_Approval" time="103.233"/>
  <testcase classname="smoke_Suite.ALC_4357" name="VerifyBonusOrderRecieptBranchAssertions" time="203.621"/>
  <testcase classname="smoke_Suite.ALC_4357" name="VerifyBonusOrderBranchValueAssertions" time="71.589"/>
  <testcase classname="smoke_Suite.ALC_4357" name="BonusTransferedCheck" time="320.011"/>
  <testcase classname="smoke_Suite.ALC_4357" name="Plastic_Chain_After_Approval" time="106.215"/>
  <testcase classname="smoke_Suite.ALC_4357" name="checkMemberBonusTransfered" time="24.804"/>
</testsuite> <!-- smoke_Suite.ALC_4357 -->
