<?xml version="1.0" encoding="UTF-8"?>
<!-- Generated by org.testng.reporters.JUnitReportReporter -->
<testsuite hostname="DESKTOP-KC70OC4" failures="0" tests="17" name="smoke_Suite.ALC_4357" time="13.821" errors="1" timestamp="2023-10-10T13:24:29 IST" skipped="16">
  <testcase classname="smoke_Suite.ALC_4357" name="member_Branch1_Transaction_KG_Bonus_App_Assertion" time="0.000">
    <skipped/>
  </testcase> <!-- member_Branch1_Transaction_KG_Bonus_App_Assertion -->
  <testcase classname="smoke_Suite.ALC_4357" name="setup" time="13.819">
    <error message="&#039;void org.openqa.selenium.remote.http.ClientConfig.&lt;init&gt;(java.net.URI, java.time.Duration, java.time.Duration, org.openqa.selenium.remote.http.Filter, java.net.Proxy, org.openqa.selenium.Credentials)&#039;" type="java.lang.NoSuchMethodError">
      <![CDATA[java.lang.NoSuchMethodError: 'void org.openqa.selenium.remote.http.ClientConfig.<init>(java.net.URI, java.time.Duration, java.time.Duration, org.openqa.selenium.remote.http.Filter, java.net.Proxy, org.openqa.selenium.Credentials)'
at io.appium.java_client.AppiumClientConfig.<init>(AppiumClientConfig.java:62)
at io.appium.java_client.AppiumClientConfig.defaultConfig(AppiumClientConfig.java:79)
at io.appium.java_client.remote.AppiumCommandExecutor.<init>(AppiumCommandExecutor.java:109)
at io.appium.java_client.AppiumDriver.<init>(AppiumDriver.java:101)
at io.appium.java_client.android.AndroidDriver.<init>(AndroidDriver.java:113)
at Utilities.BaseClass.setup(BaseClass.java:160)
at java.base/jdk.internal.reflect.NativeMethodAccessorImpl.invoke0(Native Method)
at java.base/jdk.internal.reflect.NativeMethodAccessorImpl.invoke(NativeMethodAccessorImpl.java:77)
at java.base/jdk.internal.reflect.DelegatingMethodAccessorImpl.invoke(DelegatingMethodAccessorImpl.java:43)
at java.base/java.lang.reflect.Method.invoke(Method.java:568)
at org.testng.internal.invokers.MethodInvocationHelper.invokeMethod(MethodInvocationHelper.java:139)
at org.testng.internal.invokers.MethodInvocationHelper.invokeMethodConsideringTimeout(MethodInvocationHelper.java:69)
at org.testng.internal.invokers.ConfigInvoker.invokeConfigurationMethod(ConfigInvoker.java:390)
at org.testng.internal.invokers.ConfigInvoker.invokeConfigurations(ConfigInvoker.java:325)
at org.testng.internal.invokers.TestMethodWorker.invokeBeforeClassMethods(TestMethodWorker.java:180)
at org.testng.internal.invokers.TestMethodWorker.run(TestMethodWorker.java:122)
at java.base/java.util.ArrayList.forEach(ArrayList.java:1511)
at org.testng.TestRunner.privateRun(TestRunner.java:848)
at org.testng.TestRunner.run(TestRunner.java:621)
at org.testng.SuiteRunner.runTest(SuiteRunner.java:443)
at org.testng.SuiteRunner.runSequentially(SuiteRunner.java:437)
at org.testng.SuiteRunner.privateRun(SuiteRunner.java:397)
at org.testng.SuiteRunner.run(SuiteRunner.java:336)
at org.testng.SuiteRunnerWorker.runSuite(SuiteRunnerWorker.java:52)
at org.testng.SuiteRunnerWorker.run(SuiteRunnerWorker.java:95)
at org.testng.TestNG.runSuitesSequentially(TestNG.java:1280)
at org.testng.TestNG.runSuitesLocally(TestNG.java:1200)
at org.testng.TestNG.runSuites(TestNG.java:1114)
at org.testng.TestNG.run(TestNG.java:1082)
at org.testng.remote.AbstractRemoteTestNG.run(AbstractRemoteTestNG.java:115)
at org.testng.remote.RemoteTestNG.initAndRun(RemoteTestNG.java:251)
at org.testng.remote.RemoteTestNG.main(RemoteTestNG.java:77)
]]>
    </error>
  </testcase> <!-- setup -->
  <testcase classname="smoke_Suite.ALC_4357" name="member_Branch1_Transaction_KG_Bonus_Alchmey_Assertion" time="0.000">
    <skipped/>
  </testcase> <!-- member_Branch1_Transaction_KG_Bonus_Alchmey_Assertion -->
  <testcase classname="smoke_Suite.ALC_4357" name="Branch1_Branch2_Transaction_App_Assertions" time="0.000">
    <skipped/>
  </testcase> <!-- Branch1_Branch2_Transaction_App_Assertions -->
  <testcase classname="smoke_Suite.ALC_4357" name="Branch1_Branch3_Transaction" time="0.000">
    <skipped/>
  </testcase> <!-- Branch1_Branch3_Transaction -->
  <testcase classname="smoke_Suite.ALC_4357" name="Branch2_Processor_Transaction" time="0.000">
    <skipped/>
  </testcase> <!-- Branch2_Processor_Transaction -->
  <testcase classname="smoke_Suite.ALC_4357" name="Branch3_Processor_Transaction" time="0.000">
    <skipped/>
  </testcase> <!-- Branch3_Processor_Transaction -->
  <testcase classname="smoke_Suite.ALC_4357" name="Verify_Bonus_Branch1" time="0.000">
    <skipped/>
  </testcase> <!-- Verify_Bonus_Branch1 -->
  <testcase classname="smoke_Suite.ALC_4357" name="Verify_Bonus_Branch2" time="0.000">
    <skipped/>
  </testcase> <!-- Verify_Bonus_Branch2 -->
  <testcase classname="smoke_Suite.ALC_4357" name="Verify_Bonus_Branch3" time="0.000">
    <skipped/>
  </testcase> <!-- Verify_Bonus_Branch3 -->
  <testcase classname="smoke_Suite.ALC_4357" name="Verify_Bonus_Processor" time="0.000">
    <skipped/>
  </testcase> <!-- Verify_Bonus_Processor -->
  <testcase classname="smoke_Suite.ALC_4357" name="Plastic_Chain_Before_Approval" time="0.000">
    <skipped/>
  </testcase> <!-- Plastic_Chain_Before_Approval -->
  <testcase classname="smoke_Suite.ALC_4357" name="VerifyBonusOrderRecieptBranchAssertions" time="0.000">
    <skipped/>
  </testcase> <!-- VerifyBonusOrderRecieptBranchAssertions -->
  <testcase classname="smoke_Suite.ALC_4357" name="VerifyBonusOrderBranchValueAssertions" time="0.000">
    <skipped/>
  </testcase> <!-- VerifyBonusOrderBranchValueAssertions -->
  <testcase classname="smoke_Suite.ALC_4357" name="BonusTransferedCheck" time="0.002">
    <skipped/>
  </testcase> <!-- BonusTransferedCheck -->
  <testcase classname="smoke_Suite.ALC_4357" name="Plastic_Chain_After_Approval" time="0.000">
    <skipped/>
  </testcase> <!-- Plastic_Chain_After_Approval -->
  <testcase classname="smoke_Suite.ALC_4357" name="checkBonusTransferedInApp" time="0.000">
    <skipped/>
  </testcase> <!-- checkBonusTransferedInApp -->
</testsuite> <!-- smoke_Suite.ALC_4357 -->
