<?xml version="1.0" encoding="UTF-8"?>
<!-- Generated by org.testng.reporters.JUnitReportReporter -->
<testsuite hostname="DESKTOP-KC70OC4" failures="0" tests="5" name="smoke_Suite.ALC_380" time="268.230" errors="0" timestamp="2023-10-10T18:39:19 IST" skipped="0">
  <testcase classname="smoke_Suite.ALC_380" name="create_Store" time="77.653"/>
  <testcase classname="smoke_Suite.ALC_380" name="editDetailsInAlchmey" time="95.772"/>
  <testcase classname="smoke_Suite.ALC_380" name="cashOutTest" time="60.735"/>
  <testcase classname="smoke_Suite.ALC_380" name="verifyInApp" time="8.423"/>
  <testcase classname="smoke_Suite.ALC_380" name="verifyInAlchemy" time="25.647"/>
</testsuite> <!-- smoke_Suite.ALC_380 -->
